# JRE version: OpenJDK Runtime Environment (17.0.6) (build 17.0.6+0-b2043.56-9586694)
# Java VM: OpenJDK 64-Bit Server VM (17.0.6+0-b2043.56-9586694, mixed mode, tiered, compressed oops, compressed class ptrs, g1 gc, windows-amd64)
GC Precious Log:
 CPUs: 2 total, 2 available
 Memory: 3471M
 Large Page Support: Disabled
 NUMA Support: Disabled
 Compressed Oops: Enabled (32-bit)
 Heap Region Size: 1M
 Heap Min Capacity: 8M
 Heap Initial Capacity: 56M
 Heap Max Capacity: 868M
 Pre-touch: Disabled
 Parallel Workers: 2
 Concurrent Workers: 1
 Concurrent Refinement Workers: 2
 Periodic GC: Disabled
Heap:
 garbage-first heap   total 66560K, used 40358K [0x00000000c9c00000, 0x0000000100000000)
  region size 1024K, 2 young (2048K), 2 survivors (2048K)
 Metaspace       used 58793K, committed 59072K, reserved 1105920K
  class space    used 6927K, committed 7040K, reserved 1048576K
GC Heap History (20 events):
Event: 45.979 GC heap after
{Heap after GC invocations=23 (full 0):
 garbage-first heap   total 55296K, used 32602K [0x00000000c9c00000, 0x0000000100000000)
  region size 1024K, 2 young (2048K), 2 survivors (2048K)
 Metaspace       used 49526K, committed 49792K, reserved 1097728K
  class space    used 5962K, committed 6080K, reserved 1048576K
}
Event: 47.247 GC heap before
{Heap before GC invocations=23 (full 0):
 garbage-first heap   total 55296K, used 42842K [0x00000000c9c00000, 0x0000000100000000)
  region size 1024K, 12 young (12288K), 2 survivors (2048K)
 Metaspace       used 49568K, committed 49792K, reserved 1097728K
  class space    used 5962K, committed 6080K, reserved 1048576K
}
Event: 47.261 GC heap after
{Heap after GC invocations=24 (full 0):
 garbage-first heap   total 55296K, used 32664K [0x00000000c9c00000, 0x0000000100000000)
  region size 1024K, 2 young (2048K), 2 survivors (2048K)
 Metaspace       used 49568K, committed 49792K, reserved 1097728K
  class space    used 5962K, committed 6080K, reserved 1048576K
}
Event: 53.794 GC heap before
{Heap before GC invocations=25 (full 0):
 garbage-first heap   total 58368K, used 41880K [0x00000000c9c00000, 0x0000000100000000)
  region size 1024K, 12 young (12288K), 2 survivors (2048K)
 Metaspace       used 51047K, committed 51328K, reserved 1097728K
  class space    used 6083K, committed 6208K, reserved 1048576K
}
Event: 53.802 GC heap after
{Heap after GC invocations=26 (full 0):
 garbage-first heap   total 58368K, used 33230K [0x00000000c9c00000, 0x0000000100000000)
  region size 1024K, 2 young (2048K), 2 survivors (2048K)
 Metaspace       used 51047K, committed 51328K, reserved 1097728K
  class space    used 6083K, committed 6208K, reserved 1048576K
}
Event: 53.893 GC heap before
{Heap before GC invocations=26 (full 0):
 garbage-first heap   total 58368K, used 34254K [0x00000000c9c00000, 0x0000000100000000)
  region size 1024K, 3 young (3072K), 2 survivors (2048K)
 Metaspace       used 51052K, committed 51328K, reserved 1097728K
  class space    used 6083K, committed 6208K, reserved 1048576K
}
Event: 53.910 GC heap after
{Heap after GC invocations=27 (full 0):
 garbage-first heap   total 58368K, used 33182K [0x00000000c9c00000, 0x0000000100000000)
  region size 1024K, 1 young (1024K), 1 survivors (1024K)
 Metaspace       used 51052K, committed 51328K, reserved 1097728K
  class space    used 6083K, committed 6208K, reserved 1048576K
}
Event: 55.532 GC heap before
{Heap before GC invocations=27 (full 0):
 garbage-first heap   total 58368K, used 40350K [0x00000000c9c00000, 0x0000000100000000)
  region size 1024K, 9 young (9216K), 1 survivors (1024K)
 Metaspace       used 51526K, committed 51840K, reserved 1097728K
  class space    used 6128K, committed 6272K, reserved 1048576K
}
Event: 55.537 GC heap after
{Heap after GC invocations=28 (full 0):
 garbage-first heap   total 58368K, used 33700K [0x00000000c9c00000, 0x0000000100000000)
  region size 1024K, 2 young (2048K), 2 survivors (2048K)
 Metaspace       used 51526K, committed 51840K, reserved 1097728K
  class space    used 6128K, committed 6272K, reserved 1048576K
}
Event: 59.128 GC heap before
{Heap before GC invocations=29 (full 0):
 garbage-first heap   total 61440K, used 48036K [0x00000000c9c00000, 0x0000000100000000)
  region size 1024K, 14 young (14336K), 2 survivors (2048K)
 Metaspace       used 53828K, committed 54144K, reserved 1097728K
  class space    used 6420K, committed 6592K, reserved 1048576K
}
Event: 59.139 GC heap after
{Heap after GC invocations=30 (full 0):
 garbage-first heap   total 61440K, used 37447K [0x00000000c9c00000, 0x0000000100000000)
  region size 1024K, 2 young (2048K), 2 survivors (2048K)
 Metaspace       used 53828K, committed 54144K, reserved 1097728K
  class space    used 6420K, committed 6592K, reserved 1048576K
}
Event: 59.579 GC heap before
{Heap before GC invocations=30 (full 0):
 garbage-first heap   total 61440K, used 38471K [0x00000000c9c00000, 0x0000000100000000)
  region size 1024K, 3 young (3072K), 2 survivors (2048K)
 Metaspace       used 54113K, committed 54400K, reserved 1097728K
  class space    used 6447K, committed 6592K, reserved 1048576K
}
Event: 59.592 GC heap after
{Heap after GC invocations=31 (full 0):
 garbage-first heap   total 61440K, used 37227K [0x00000000c9c00000, 0x0000000100000000)
  region size 1024K, 1 young (1024K), 1 survivors (1024K)
 Metaspace       used 54113K, committed 54400K, reserved 1097728K
  class space    used 6447K, committed 6592K, reserved 1048576K
}
Event: 63.704 GC heap before
{Heap before GC invocations=31 (full 0):
 garbage-first heap   total 61440K, used 47467K [0x00000000c9c00000, 0x0000000100000000)
  region size 1024K, 12 young (12288K), 1 survivors (1024K)
 Metaspace       used 56673K, committed 56960K, reserved 1105920K
  class space    used 6766K, committed 6912K, reserved 1048576K
}
Event: 63.712 GC heap after
{Heap after GC invocations=32 (full 0):
 garbage-first heap   total 61440K, used 37913K [0x00000000c9c00000, 0x0000000100000000)
  region size 1024K, 1 young (1024K), 1 survivors (1024K)
 Metaspace       used 56673K, committed 56960K, reserved 1105920K
  class space    used 6766K, committed 6912K, reserved 1048576K
}
Event: 68.828 GC heap before
{Heap before GC invocations=33 (full 0):
 garbage-first heap   total 66560K, used 48153K [0x00000000c9c00000, 0x0000000100000000)
  region size 1024K, 11 young (11264K), 1 survivors (1024K)
 Metaspace       used 57550K, committed 57856K, reserved 1105920K
  class space    used 6843K, committed 6976K, reserved 1048576K
}
Event: 68.843 GC heap after
{Heap after GC invocations=34 (full 0):
 garbage-first heap   total 66560K, used 39857K [0x00000000c9c00000, 0x0000000100000000)
  region size 1024K, 2 young (2048K), 2 survivors (2048K)
 Metaspace       used 57550K, committed 57856K, reserved 1105920K
  class space    used 6843K, committed 6976K, reserved 1048576K
}
Event: 69.543 GC heap before
{Heap before GC invocations=34 (full 0):
 garbage-first heap   total 66560K, used 40881K [0x00000000c9c00000, 0x0000000100000000)
  region size 1024K, 3 young (3072K), 2 survivors (2048K)
 Metaspace       used 57724K, committed 57984K, reserved 1105920K
  class space    used 6857K, committed 6976K, reserved 1048576K
}
Event: 69.566 GC heap after
{Heap after GC invocations=35 (full 0):
 garbage-first heap   total 66560K, used 39331K [0x00000000c9c00000, 0x0000000100000000)
  region size 1024K, 1 young (1024K), 1 survivors (1024K)
 Metaspace       used 57724K, committed 57984K, reserved 1105920K
  class space    used 6857K, committed 6976K, reserved 1048576K
}
Event: 75.033 GC heap before
{Heap before GC invocations=35 (full 0):
 garbage-first heap   total 66560K, used 50595K [0x00000000c9c00000, 0x0000000100000000)
  region size 1024K, 13 young (13312K), 1 survivors (1024K)
 Metaspace       used 58793K, committed 59072K, reserved 1105920K
  class space    used 6927K, committed 7040K, reserved 1048576K
}

