# JRE version: OpenJDK Runtime Environment (17.0.6) (build 17.0.6+0-b2043.56-9586694)
# Java VM: OpenJDK 64-Bit Server VM (17.0.6+0-b2043.56-9586694, mixed mode, tiered, compressed oops, compressed class ptrs, g1 gc, windows-amd64)
GC Precious Log:
 CPUs: 2 total, 2 available
 Memory: 3471M
 Large Page Support: Disabled
 NUMA Support: Disabled
 Compressed Oops: Enabled (32-bit)
 Heap Region Size: 1M
 Heap Min Capacity: 8M
 Heap Initial Capacity: 56M
 Heap Max Capacity: 868M
 Pre-touch: Disabled
 Parallel Workers: 2
 Concurrent Workers: 1
 Concurrent Refinement Workers: 2
 Periodic GC: Disabled
Heap:
 garbage-first heap   total 81920K, used 48741K [0x00000000c9c00000, 0x0000000100000000)
  region size 1024K, 1 young (1024K), 1 survivors (1024K)
 Metaspace       used 81723K, committed 82112K, reserved 1122304K
  class space    used 9057K, committed 9216K, reserved 1048576K
GC Heap History (20 events):
Event: 72.118 GC heap after
{Heap after GC invocations=38 (full 0):
 garbage-first heap   total 73728K, used 42803K [0x00000000c9c00000, 0x0000000100000000)
  region size 1024K, 1 young (1024K), 1 survivors (1024K)
 Metaspace       used 59971K, committed 60288K, reserved 1105920K
  class space    used 7001K, committed 7168K, reserved 1048576K
}
Event: 76.218 GC heap before
{Heap before GC invocations=38 (full 0):
 garbage-first heap   total 73728K, used 58163K [0x00000000c9c00000, 0x0000000100000000)
  region size 1024K, 16 young (16384K), 1 survivors (1024K)
 Metaspace       used 61260K, committed 61568K, reserved 1105920K
  class space    used 7087K, committed 7232K, reserved 1048576K
}
Event: 76.226 GC heap after
{Heap after GC invocations=39 (full 0):
 garbage-first heap   total 73728K, used 43978K [0x00000000c9c00000, 0x0000000100000000)
  region size 1024K, 2 young (2048K), 2 survivors (2048K)
 Metaspace       used 61260K, committed 61568K, reserved 1105920K
  class space    used 7087K, committed 7232K, reserved 1048576K
}
Event: 79.484 GC heap before
{Heap before GC invocations=40 (full 0):
 garbage-first heap   total 76800K, used 58314K [0x00000000c9c00000, 0x0000000100000000)
  region size 1024K, 16 young (16384K), 2 survivors (2048K)
 Metaspace       used 61938K, committed 62272K, reserved 1105920K
  class space    used 7115K, committed 7296K, reserved 1048576K
}
Event: 79.501 GC heap after
{Heap after GC invocations=41 (full 0):
 garbage-first heap   total 76800K, used 45322K [0x00000000c9c00000, 0x0000000100000000)
  region size 1024K, 2 young (2048K), 2 survivors (2048K)
 Metaspace       used 61938K, committed 62272K, reserved 1105920K
  class space    used 7115K, committed 7296K, reserved 1048576K
}
Event: 80.187 GC heap before
{Heap before GC invocations=41 (full 0):
 garbage-first heap   total 76800K, used 46346K [0x00000000c9c00000, 0x0000000100000000)
  region size 1024K, 3 young (3072K), 2 survivors (2048K)
 Metaspace       used 61951K, committed 62336K, reserved 1105920K
  class space    used 7115K, committed 7296K, reserved 1048576K
}
Event: 80.205 GC heap after
{Heap after GC invocations=42 (full 0):
 garbage-first heap   total 76800K, used 44893K [0x00000000c9c00000, 0x0000000100000000)
  region size 1024K, 1 young (1024K), 1 survivors (1024K)
 Metaspace       used 61951K, committed 62336K, reserved 1105920K
  class space    used 7115K, committed 7296K, reserved 1048576K
}
Event: 85.480 GC heap before
{Heap before GC invocations=42 (full 0):
 garbage-first heap   total 76800K, used 60253K [0x00000000c9c00000, 0x0000000100000000)
  region size 1024K, 17 young (17408K), 1 survivors (1024K)
 Metaspace       used 64885K, committed 65216K, reserved 1114112K
  class space    used 7399K, committed 7552K, reserved 1048576K
}
Event: 85.490 GC heap after
{Heap after GC invocations=43 (full 0):
 garbage-first heap   total 76800K, used 45408K [0x00000000c9c00000, 0x0000000100000000)
  region size 1024K, 1 young (1024K), 1 survivors (1024K)
 Metaspace       used 64885K, committed 65216K, reserved 1114112K
  class space    used 7399K, committed 7552K, reserved 1048576K
}
Event: 88.219 GC heap before
{Heap before GC invocations=44 (full 0):
 garbage-first heap   total 78848K, used 61792K [0x00000000c9c00000, 0x0000000100000000)
  region size 1024K, 18 young (18432K), 1 survivors (1024K)
 Metaspace       used 68580K, committed 68928K, reserved 1114112K
  class space    used 7773K, committed 7936K, reserved 1048576K
}
Event: 88.230 GC heap after
{Heap after GC invocations=45 (full 0):
 garbage-first heap   total 78848K, used 46648K [0x00000000c9c00000, 0x0000000100000000)
  region size 1024K, 3 young (3072K), 3 survivors (3072K)
 Metaspace       used 68580K, committed 68928K, reserved 1114112K
  class space    used 7773K, committed 7936K, reserved 1048576K
}
Event: 88.307 GC heap before
{Heap before GC invocations=45 (full 0):
 garbage-first heap   total 78848K, used 47672K [0x00000000c9c00000, 0x0000000100000000)
  region size 1024K, 4 young (4096K), 3 survivors (3072K)
 Metaspace       used 68814K, committed 69120K, reserved 1114112K
  class space    used 7806K, committed 7936K, reserved 1048576K
}
Event: 88.352 GC heap after
{Heap after GC invocations=46 (full 0):
 garbage-first heap   total 78848K, used 46602K [0x00000000c9c00000, 0x0000000100000000)
  region size 1024K, 1 young (1024K), 1 survivors (1024K)
 Metaspace       used 68814K, committed 69120K, reserved 1114112K
  class space    used 7806K, committed 7936K, reserved 1048576K
}
Event: 90.954 GC heap before
{Heap before GC invocations=46 (full 0):
 garbage-first heap   total 78848K, used 62986K [0x00000000c9c00000, 0x0000000100000000)
  region size 1024K, 18 young (18432K), 1 survivors (1024K)
 Metaspace       used 73202K, committed 73536K, reserved 1122304K
  class space    used 8282K, committed 8448K, reserved 1048576K
}
Event: 90.960 GC heap after
{Heap after GC invocations=47 (full 0):
 garbage-first heap   total 78848K, used 47191K [0x00000000c9c00000, 0x0000000100000000)
  region size 1024K, 1 young (1024K), 1 survivors (1024K)
 Metaspace       used 73202K, committed 73536K, reserved 1122304K
  class space    used 8282K, committed 8448K, reserved 1048576K
}
Event: 95.298 GC heap before
{Heap before GC invocations=48 (full 0):
 garbage-first heap   total 81920K, used 63575K [0x00000000c9c00000, 0x0000000100000000)
  region size 1024K, 18 young (18432K), 1 survivors (1024K)
 Metaspace       used 77284K, committed 77568K, reserved 1122304K
  class space    used 8704K, committed 8832K, reserved 1048576K
}
Event: 95.315 GC heap after
{Heap after GC invocations=49 (full 0):
 garbage-first heap   total 81920K, used 48202K [0x00000000c9c00000, 0x0000000100000000)
  region size 1024K, 2 young (2048K), 2 survivors (2048K)
 Metaspace       used 77284K, committed 77568K, reserved 1122304K
  class space    used 8704K, committed 8832K, reserved 1048576K
}
Event: 96.263 GC heap before
{Heap before GC invocations=49 (full 0):
 garbage-first heap   total 81920K, used 49226K [0x00000000c9c00000, 0x0000000100000000)
  region size 1024K, 4 young (4096K), 2 survivors (2048K)
 Metaspace       used 77600K, committed 77888K, reserved 1122304K
  class space    used 8740K, committed 8896K, reserved 1048576K
}
Event: 96.312 GC heap after
{Heap after GC invocations=50 (full 0):
 garbage-first heap   total 81920K, used 48035K [0x00000000c9c00000, 0x0000000100000000)
  region size 1024K, 1 young (1024K), 1 survivors (1024K)
 Metaspace       used 77600K, committed 77888K, reserved 1122304K
  class space    used 8740K, committed 8896K, reserved 1048576K
}
Event: 99.646 GC heap before
{Heap before GC invocations=50 (full 0):
 garbage-first heap   total 81920K, used 67491K [0x00000000c9c00000, 0x0000000100000000)
  region size 1024K, 20 young (20480K), 1 survivors (1024K)
 Metaspace       used 81723K, committed 82112K, reserved 1122304K
  class space    used 9057K, committed 9216K, reserved 1048576K
}

