# JRE version: OpenJDK Runtime Environment (17.0.6) (build 17.0.6+0-b2043.56-9586694)
# Java VM: OpenJDK 64-Bit Server VM (17.0.6+0-b2043.56-9586694, mixed mode, tiered, compressed oops, compressed class ptrs, g1 gc, windows-amd64)
GC Precious Log:
 CPUs: 2 total, 2 available
 Memory: 3471M
 Large Page Support: Disabled
 NUMA Support: Disabled
 Compressed Oops: Enabled (32-bit)
 Heap Region Size: 1M
 Heap Min Capacity: 8M
 Heap Initial Capacity: 56M
 Heap Max Capacity: 868M
 Pre-touch: Disabled
 Parallel Workers: 2
 Concurrent Workers: 1
 Concurrent Refinement Workers: 2
 Periodic GC: Disabled
Heap:
 garbage-first heap   total 91136K, used 68153K [0x00000000c9c00000, 0x0000000100000000)
  region size 1024K, 20 young (20480K), 3 survivors (3072K)
 Metaspace       used 64598K, committed 64960K, reserved 1114112K
  class space    used 7316K, committed 7488K, reserved 1048576K
GC Heap History (20 events):
Event: 24.309 GC heap before
{Heap before GC invocations=27 (full 0):
 garbage-first heap   total 65536K, used 47579K [0x00000000c9c00000, 0x0000000100000000)
  region size 1024K, 13 young (13312K), 1 survivors (1024K)
 Metaspace       used 51264K, committed 51520K, reserved 1097728K
  class space    used 6093K, committed 6208K, reserved 1048576K
}
Event: 24.324 GC heap after
{Heap after GC invocations=28 (full 0):
 garbage-first heap   total 65536K, used 38708K [0x00000000c9c00000, 0x0000000100000000)
  region size 1024K, 2 young (2048K), 2 survivors (2048K)
 Metaspace       used 51264K, committed 51520K, reserved 1097728K
  class space    used 6093K, committed 6208K, reserved 1048576K
}
Event: 25.196 GC heap before
{Heap before GC invocations=28 (full 0):
 garbage-first heap   total 65536K, used 49972K [0x00000000c9c00000, 0x0000000100000000)
  region size 1024K, 13 young (13312K), 2 survivors (2048K)
 Metaspace       used 51518K, committed 51840K, reserved 1097728K
  class space    used 6107K, committed 6272K, reserved 1048576K
}
Event: 25.206 GC heap after
{Heap after GC invocations=29 (full 0):
 garbage-first heap   total 65536K, used 39542K [0x00000000c9c00000, 0x0000000100000000)
  region size 1024K, 1 young (1024K), 1 survivors (1024K)
 Metaspace       used 51518K, committed 51840K, reserved 1097728K
  class space    used 6107K, committed 6272K, reserved 1048576K
}
Event: 26.629 GC heap before
{Heap before GC invocations=30 (full 0):
 garbage-first heap   total 70656K, used 49782K [0x00000000c9c00000, 0x0000000100000000)
  region size 1024K, 12 young (12288K), 1 survivors (1024K)
 Metaspace       used 53608K, committed 53888K, reserved 1097728K
  class space    used 6341K, committed 6464K, reserved 1048576K
}
Event: 26.640 GC heap after
{Heap after GC invocations=31 (full 0):
 garbage-first heap   total 70656K, used 40785K [0x00000000c9c00000, 0x0000000100000000)
  region size 1024K, 2 young (2048K), 2 survivors (2048K)
 Metaspace       used 53608K, committed 53888K, reserved 1097728K
  class space    used 6341K, committed 6464K, reserved 1048576K
}
Event: 28.416 GC heap before
{Heap before GC invocations=31 (full 0):
 garbage-first heap   total 70656K, used 55121K [0x00000000c9c00000, 0x0000000100000000)
  region size 1024K, 16 young (16384K), 2 survivors (2048K)
 Metaspace       used 54971K, committed 55232K, reserved 1097728K
  class space    used 6481K, committed 6592K, reserved 1048576K
}
Event: 28.431 GC heap after
{Heap after GC invocations=32 (full 0):
 garbage-first heap   total 70656K, used 42237K [0x00000000c9c00000, 0x0000000100000000)
  region size 1024K, 2 young (2048K), 2 survivors (2048K)
 Metaspace       used 54971K, committed 55232K, reserved 1097728K
  class space    used 6481K, committed 6592K, reserved 1048576K
}
Event: 31.761 GC heap before
{Heap before GC invocations=33 (full 0):
 garbage-first heap   total 75776K, used 55549K [0x00000000c9c00000, 0x0000000100000000)
  region size 1024K, 15 young (15360K), 2 survivors (2048K)
 Metaspace       used 56785K, committed 57088K, reserved 1105920K
  class space    used 6684K, committed 6848K, reserved 1048576K
}
Event: 31.778 GC heap after
{Heap after GC invocations=34 (full 0):
 garbage-first heap   total 91136K, used 45069K [0x00000000c9c00000, 0x0000000100000000)
  region size 1024K, 2 young (2048K), 2 survivors (2048K)
 Metaspace       used 56785K, committed 57088K, reserved 1105920K
  class space    used 6684K, committed 6848K, reserved 1048576K
}
Event: 31.929 GC heap before
{Heap before GC invocations=34 (full 0):
 garbage-first heap   total 91136K, used 46093K [0x00000000c9c00000, 0x0000000100000000)
  region size 1024K, 4 young (4096K), 2 survivors (2048K)
 Metaspace       used 57287K, committed 57600K, reserved 1105920K
  class space    used 6755K, committed 6912K, reserved 1048576K
}
Event: 31.938 GC heap after
{Heap after GC invocations=35 (full 0):
 garbage-first heap   total 91136K, used 45570K [0x00000000c9c00000, 0x0000000100000000)
  region size 1024K, 1 young (1024K), 1 survivors (1024K)
 Metaspace       used 57287K, committed 57600K, reserved 1105920K
  class space    used 6755K, committed 6912K, reserved 1048576K
}
Event: 38.048 GC heap before
{Heap before GC invocations=35 (full 0):
 garbage-first heap   total 91136K, used 68098K [0x00000000c9c00000, 0x0000000100000000)
  region size 1024K, 24 young (24576K), 1 survivors (1024K)
 Metaspace       used 60659K, committed 60928K, reserved 1105920K
  class space    used 7079K, committed 7232K, reserved 1048576K
}
Event: 38.069 GC heap after
{Heap after GC invocations=36 (full 0):
 garbage-first heap   total 91136K, used 47310K [0x00000000c9c00000, 0x0000000100000000)
  region size 1024K, 3 young (3072K), 3 survivors (3072K)
 Metaspace       used 60659K, committed 60928K, reserved 1105920K
  class space    used 7079K, committed 7232K, reserved 1048576K
}
Event: 43.111 GC heap before
{Heap before GC invocations=37 (full 0):
 garbage-first heap   total 91136K, used 70862K [0x00000000c9c00000, 0x0000000100000000)
  region size 1024K, 26 young (26624K), 3 survivors (3072K)
 Metaspace       used 62741K, committed 63040K, reserved 1105920K
  class space    used 7155K, committed 7296K, reserved 1048576K
}
Event: 43.141 GC heap after
{Heap after GC invocations=38 (full 0):
 garbage-first heap   total 91136K, used 49879K [0x00000000c9c00000, 0x0000000100000000)
  region size 1024K, 4 young (4096K), 4 survivors (4096K)
 Metaspace       used 62741K, committed 63040K, reserved 1105920K
  class space    used 7155K, committed 7296K, reserved 1048576K
}
Event: 43.153 GC heap before
{Heap before GC invocations=38 (full 0):
 garbage-first heap   total 91136K, used 50903K [0x00000000c9c00000, 0x0000000100000000)
  region size 1024K, 5 young (5120K), 4 survivors (4096K)
 Metaspace       used 62743K, committed 63040K, reserved 1105920K
  class space    used 7155K, committed 7296K, reserved 1048576K
}
Event: 43.176 GC heap after
{Heap after GC invocations=39 (full 0):
 garbage-first heap   total 91136K, used 49588K [0x00000000c9c00000, 0x0000000100000000)
  region size 1024K, 1 young (1024K), 1 survivors (1024K)
 Metaspace       used 62743K, committed 63040K, reserved 1105920K
  class space    used 7155K, committed 7296K, reserved 1048576K
}
Event: 47.004 GC heap before
{Heap before GC invocations=39 (full 0):
 garbage-first heap   total 91136K, used 72116K [0x00000000c9c00000, 0x0000000100000000)
  region size 1024K, 23 young (23552K), 1 survivors (1024K)
 Metaspace       used 63346K, committed 63680K, reserved 1105920K
  class space    used 7197K, committed 7360K, reserved 1048576K
}
Event: 47.022 GC heap after
{Heap after GC invocations=40 (full 0):
 garbage-first heap   total 91136K, used 51769K [0x00000000c9c00000, 0x0000000100000000)
  region size 1024K, 3 young (3072K), 3 survivors (3072K)
 Metaspace       used 63346K, committed 63680K, reserved 1105920K
  class space    used 7197K, committed 7360K, reserved 1048576K
}

