# JRE version: OpenJDK Runtime Environment (17.0.6) (build 17.0.6+0-b2043.56-9586694)
# Java VM: OpenJDK 64-Bit Server VM (17.0.6+0-b2043.56-9586694, mixed mode, tiered, compressed oops, compressed class ptrs, g1 gc, windows-amd64)
GC Precious Log:
 CPUs: 2 total, 2 available
 Memory: 3471M
 Large Page Support: Disabled
 NUMA Support: Disabled
 Compressed Oops: Enabled (32-bit)
 Heap Region Size: 1M
 Heap Min Capacity: 8M
 Heap Initial Capacity: 56M
 Heap Max Capacity: 2G
 Pre-touch: Disabled
 Parallel Workers: 2
 Concurrent Workers: 1
 Concurrent Refinement Workers: 2
 Periodic GC: Disabled
Heap:
 garbage-first heap   total 57344K, used 26243K [0x0000000080000000, 0x0000000100000000)
  region size 1024K, 11 young (11264K), 2 survivors (2048K)
 Metaspace       used 21295K, committed 21504K, reserved 1073152K
  class space    used 2581K, committed 2688K, reserved 1048576K
GC Heap History (12 events):
Event: 4.113 GC heap before
{Heap before GC invocations=0 (full 0):
 garbage-first heap   total 57344K, used 5120K [0x0000000080000000, 0x0000000100000000)
  region size 1024K, 6 young (6144K), 0 survivors (0K)
 Metaspace       used 6470K, committed 6592K, reserved 1056768K
  class space    used 563K, committed 640K, reserved 1048576K
}
Event: 4.137 GC heap after
{Heap after GC invocations=1 (full 0):
 garbage-first heap   total 57344K, used 1304K [0x0000000080000000, 0x0000000100000000)
  region size 1024K, 1 young (1024K), 1 survivors (1024K)
 Metaspace       used 6470K, committed 6592K, reserved 1056768K
  class space    used 563K, committed 640K, reserved 1048576K
}
Event: 6.151 GC heap before
{Heap before GC invocations=1 (full 0):
 garbage-first heap   total 57344K, used 6424K [0x0000000080000000, 0x0000000100000000)
  region size 1024K, 7 young (7168K), 1 survivors (1024K)
 Metaspace       used 7085K, committed 7232K, reserved 1056768K
  class space    used 609K, committed 704K, reserved 1048576K
}
Event: 6.157 GC heap after
{Heap after GC invocations=2 (full 0):
 garbage-first heap   total 57344K, used 3186K [0x0000000080000000, 0x0000000100000000)
  region size 1024K, 1 young (1024K), 1 survivors (1024K)
 Metaspace       used 7085K, committed 7232K, reserved 1056768K
  class space    used 609K, committed 704K, reserved 1048576K
}
Event: 9.114 GC heap before
{Heap before GC invocations=2 (full 0):
 garbage-first heap   total 57344K, used 16498K [0x0000000080000000, 0x0000000100000000)
  region size 1024K, 11 young (11264K), 1 survivors (1024K)
 Metaspace       used 10286K, committed 10432K, reserved 1064960K
  class space    used 1062K, committed 1152K, reserved 1048576K
}
Event: 9.124 GC heap after
{Heap after GC invocations=3 (full 0):
 garbage-first heap   total 57344K, used 10107K [0x0000000080000000, 0x0000000100000000)
  region size 1024K, 2 young (2048K), 2 survivors (2048K)
 Metaspace       used 10286K, committed 10432K, reserved 1064960K
  class space    used 1062K, committed 1152K, reserved 1048576K
}
Event: 10.426 GC heap before
{Heap before GC invocations=3 (full 0):
 garbage-first heap   total 57344K, used 23419K [0x0000000080000000, 0x0000000100000000)
  region size 1024K, 15 young (15360K), 2 survivors (2048K)
 Metaspace       used 11174K, committed 11392K, reserved 1064960K
  class space    used 1165K, committed 1280K, reserved 1048576K
}
Event: 10.432 GC heap after
{Heap after GC invocations=4 (full 0):
 garbage-first heap   total 57344K, used 10719K [0x0000000080000000, 0x0000000100000000)
  region size 1024K, 1 young (1024K), 1 survivors (1024K)
 Metaspace       used 11174K, committed 11392K, reserved 1064960K
  class space    used 1165K, committed 1280K, reserved 1048576K
}
Event: 12.658 GC heap before
{Heap before GC invocations=4 (full 0):
 garbage-first heap   total 57344K, used 40415K [0x0000000080000000, 0x0000000100000000)
  region size 1024K, 29 young (29696K), 1 survivors (1024K)
 Metaspace       used 13231K, committed 13504K, reserved 1064960K
  class space    used 1442K, committed 1600K, reserved 1048576K
}
Event: 12.671 GC heap after
{Heap after GC invocations=5 (full 0):
 garbage-first heap   total 57344K, used 16624K [0x0000000080000000, 0x0000000100000000)
  region size 1024K, 4 young (4096K), 4 survivors (4096K)
 Metaspace       used 13231K, committed 13504K, reserved 1064960K
  class space    used 1442K, committed 1600K, reserved 1048576K
}
Event: 16.118 GC heap before
{Heap before GC invocations=5 (full 0):
 garbage-first heap   total 57344K, used 33008K [0x0000000080000000, 0x0000000100000000)
  region size 1024K, 20 young (20480K), 4 survivors (4096K)
 Metaspace       used 19395K, committed 19584K, reserved 1073152K
  class space    used 2281K, committed 2368K, reserved 1048576K
}
Event: 16.133 GC heap after
{Heap after GC invocations=6 (full 0):
 garbage-first heap   total 57344K, used 18051K [0x0000000080000000, 0x0000000100000000)
  region size 1024K, 2 young (2048K), 2 survivors (2048K)
 Metaspace       used 19395K, committed 19584K, reserved 1073152K
  class space    used 2281K, committed 2368K, reserved 1048576K
}

