# JRE version: OpenJDK Runtime Environment (11.0.13) (build 11.0.13+0-b1751.21-8125866)
# Java VM: OpenJDK 64-Bit Server VM (11.0.13+0-b1751.21-8125866, mixed mode, tiered, compressed oops, g1 gc, windows-amd64)
Heap:
 garbage-first heap   total 284672K, used 137954K [0x0000000080000000, 0x0000000100000000)
  region size 1024K, 1 young (1024K), 1 survivors (1024K)
 Metaspace       used 93615K, capacity 96500K, committed 96560K, reserved 1140736K
  class space    used 12590K, capacity 13678K, committed 13696K, reserved 1048576K
GC Heap History (20 events):
Event: 40.469 GC heap before
{Heap before GC invocations=56 (full 0):
 garbage-first heap   total 176128K, used 133402K [0x0000000080000000, 0x0000000100000000)
  region size 1024K, 55 young (56320K), 4 survivors (4096K)
 Metaspace       used 56357K, capacity 58190K, committed 58416K, reserved 1099776K
  class space    used 7136K, capacity 7764K, committed 7808K, reserved 1048576K
}
Event: 40.493 GC heap after
{Heap after GC invocations=57 (full 0):
 garbage-first heap   total 176128K, used 85256K [0x0000000080000000, 0x0000000100000000)
  region size 1024K, 7 young (7168K), 7 survivors (7168K)
 Metaspace       used 56357K, capacity 58190K, committed 58416K, reserved 1099776K
  class space    used 7136K, capacity 7764K, committed 7808K, reserved 1048576K
}
Event: 43.393 GC heap before
{Heap before GC invocations=57 (full 0):
 garbage-first heap   total 176128K, used 142600K [0x0000000080000000, 0x0000000100000000)
  region size 1024K, 63 young (64512K), 7 survivors (7168K)
 Metaspace       used 61762K, capacity 63845K, committed 64048K, reserved 1103872K
  class space    used 7975K, capacity 8751K, committed 8832K, reserved 1048576K
}
Event: 43.441 GC heap after
{Heap after GC invocations=58 (full 0):
 garbage-first heap   total 176128K, used 87003K [0x0000000080000000, 0x0000000100000000)
  region size 1024K, 6 young (6144K), 6 survivors (6144K)
 Metaspace       used 61762K, capacity 63845K, committed 64048K, reserved 1103872K
  class space    used 7975K, capacity 8751K, committed 8832K, reserved 1048576K
}
Event: 45.839 GC heap before
{Heap before GC invocations=58 (full 0):
 garbage-first heap   total 176128K, used 144347K [0x0000000080000000, 0x0000000100000000)
  region size 1024K, 63 young (64512K), 6 survivors (6144K)
 Metaspace       used 64728K, capacity 67011K, committed 67120K, reserved 1107968K
  class space    used 8426K, capacity 9269K, committed 9344K, reserved 1048576K
}
Event: 45.877 GC heap after
{Heap after GC invocations=59 (full 0):
 garbage-first heap   total 176128K, used 89690K [0x0000000080000000, 0x0000000100000000)
  region size 1024K, 5 young (5120K), 5 survivors (5120K)
 Metaspace       used 64728K, capacity 67011K, committed 67120K, reserved 1107968K
  class space    used 8426K, capacity 9269K, committed 9344K, reserved 1048576K
}
Event: 48.274 GC heap before
{Heap before GC invocations=60 (full 0):
 garbage-first heap   total 176128K, used 153178K [0x0000000080000000, 0x0000000100000000)
  region size 1024K, 61 young (62464K), 5 survivors (5120K)
 Metaspace       used 69343K, capacity 71735K, committed 71856K, reserved 1112064K
  class space    used 9018K, capacity 9923K, committed 9984K, reserved 1048576K
}
Event: 48.337 GC heap after
{Heap after GC invocations=61 (full 0):
 garbage-first heap   total 211968K, used 99725K [0x0000000080000000, 0x0000000100000000)
  region size 1024K, 7 young (7168K), 7 survivors (7168K)
 Metaspace       used 69343K, capacity 71735K, committed 71856K, reserved 1112064K
  class space    used 9018K, capacity 9923K, committed 9984K, reserved 1048576K
}
Event: 52.007 GC heap before
{Heap before GC invocations=61 (full 0):
 garbage-first heap   total 211968K, used 167309K [0x0000000080000000, 0x0000000100000000)
  region size 1024K, 73 young (74752K), 7 survivors (7168K)
 Metaspace       used 74110K, capacity 76496K, committed 76848K, reserved 1116160K
  class space    used 9633K, capacity 10505K, committed 10624K, reserved 1048576K
}
Event: 52.081 GC heap after
{Heap after GC invocations=62 (full 0):
 garbage-first heap   total 211968K, used 102211K [0x0000000080000000, 0x0000000100000000)
  region size 1024K, 6 young (6144K), 6 survivors (6144K)
 Metaspace       used 74110K, capacity 76496K, committed 76848K, reserved 1116160K
  class space    used 9633K, capacity 10505K, committed 10624K, reserved 1048576K
}
Event: 63.878 GC heap before
{Heap before GC invocations=62 (full 0):
 garbage-first heap   total 211968K, used 175939K [0x0000000080000000, 0x0000000100000000)
  region size 1024K, 79 young (80896K), 6 survivors (6144K)
 Metaspace       used 79404K, capacity 82155K, committed 82352K, reserved 1120256K
  class space    used 10413K, capacity 11444K, committed 11520K, reserved 1048576K
}
Event: 64.071 GC heap after
{Heap after GC invocations=63 (full 0):
 garbage-first heap   total 211968K, used 106847K [0x0000000080000000, 0x0000000100000000)
  region size 1024K, 7 young (7168K), 7 survivors (7168K)
 Metaspace       used 79404K, capacity 82155K, committed 82352K, reserved 1120256K
  class space    used 10413K, capacity 11444K, committed 11520K, reserved 1048576K
}
Event: 72.632 GC heap before
{Heap before GC invocations=64 (full 0):
 garbage-first heap   total 211968K, used 177503K [0x0000000080000000, 0x0000000100000000)
  region size 1024K, 76 young (77824K), 7 survivors (7168K)
 Metaspace       used 85617K, capacity 88394K, committed 88752K, reserved 1126400K
  class space    used 11662K, capacity 12675K, committed 12800K, reserved 1048576K
}
Event: 72.787 GC heap after
{Heap after GC invocations=65 (full 0):
 garbage-first heap   total 211968K, used 109366K [0x0000000080000000, 0x0000000100000000)
  region size 1024K, 7 young (7168K), 7 survivors (7168K)
 Metaspace       used 85617K, capacity 88394K, committed 88752K, reserved 1126400K
  class space    used 11662K, capacity 12675K, committed 12800K, reserved 1048576K
}
Event: 73.860 GC heap before
{Heap before GC invocations=65 (full 0):
 garbage-first heap   total 211968K, used 119606K [0x0000000080000000, 0x0000000100000000)
  region size 1024K, 18 young (18432K), 7 survivors (7168K)
 Metaspace       used 86595K, capacity 89345K, committed 89648K, reserved 1126400K
  class space    used 11789K, capacity 12818K, committed 12928K, reserved 1048576K
}
Event: 73.917 GC heap after
{Heap after GC invocations=66 (full 0):
 garbage-first heap   total 284672K, used 110080K [0x0000000080000000, 0x0000000100000000)
  region size 1024K, 4 young (4096K), 4 survivors (4096K)
 Metaspace       used 86595K, capacity 89345K, committed 89648K, reserved 1126400K
  class space    used 11789K, capacity 12818K, committed 12928K, reserved 1048576K
}
Event: 80.027 GC heap before
{Heap before GC invocations=67 (full 0):
 garbage-first heap   total 284672K, used 179712K [0x0000000080000000, 0x0000000100000000)
  region size 1024K, 55 young (56320K), 4 survivors (4096K)
 Metaspace       used 93156K, capacity 96052K, committed 96304K, reserved 1132544K
  class space    used 12520K, capacity 13614K, committed 13696K, reserved 1048576K
}
Event: 80.095 GC heap after
{Heap after GC invocations=68 (full 0):
 garbage-first heap   total 284672K, used 136936K [0x0000000080000000, 0x0000000100000000)
  region size 1024K, 7 young (7168K), 7 survivors (7168K)
 Metaspace       used 93156K, capacity 96052K, committed 96304K, reserved 1132544K
  class space    used 12520K, capacity 13614K, committed 13696K, reserved 1048576K
}
Event: 80.287 GC heap before
{Heap before GC invocations=68 (full 0):
 garbage-first heap   total 284672K, used 142056K [0x0000000080000000, 0x0000000100000000)
  region size 1024K, 13 young (13312K), 7 survivors (7168K)
 Metaspace       used 93615K, capacity 96500K, committed 96560K, reserved 1138688K
  class space    used 12590K, capacity 13678K, committed 13696K, reserved 1048576K
}
Event: 80.394 GC heap after
{Heap after GC invocations=69 (full 0):
 garbage-first heap   total 284672K, used 137954K [0x0000000080000000, 0x0000000100000000)
  region size 1024K, 1 young (1024K), 1 survivors (1024K)
 Metaspace       used 93615K, capacity 96500K, committed 96560K, reserved 1138688K
  class space    used 12590K, capacity 13678K, committed 13696K, reserved 1048576K
}

